0 info it worked if it ends with ok
1 verbose cli [ '/home/kirisaki/.nvm/versions/node/v4.1.0/bin/node',
1 verbose cli   '/home/kirisaki/.nvm/versions/node/v4.1.0/bin/npm',
1 verbose cli   'publish' ]
2 info using npm@2.14.3
3 info using node@v4.1.0
4 verbose publish [ '.' ]
5 silly cache add args [ '.', null ]
6 verbose cache add spec .
7 silly cache add parsed spec Result {
7 silly cache add   raw: '.',
7 silly cache add   scope: null,
7 silly cache add   name: null,
7 silly cache add   rawSpec: '.',
7 silly cache add   spec: '/home/kirisaki/latihan/node-js/1-create-module',
7 silly cache add   type: 'directory' }
8 verbose addLocalDirectory /home/kirisaki/.npm/learn-create-modules/1.0.0/package.tgz not in flight; packing
9 verbose tar pack [ '/home/kirisaki/.npm/learn-create-modules/1.0.0/package.tgz',
9 verbose tar pack   '/home/kirisaki/latihan/node-js/1-create-module' ]
10 verbose tarball /home/kirisaki/.npm/learn-create-modules/1.0.0/package.tgz
11 verbose folder /home/kirisaki/latihan/node-js/1-create-module
12 info prepublish learn-create-modules@1.0.0
13 verbose addLocalTarball adding from inside cache /home/kirisaki/.npm/learn-create-modules/1.0.0/package.tgz
14 silly cache afterAdd learn-create-modules@1.0.0
15 verbose afterAdd /home/kirisaki/.npm/learn-create-modules/1.0.0/package/package.json not in flight; writing
16 verbose afterAdd /home/kirisaki/.npm/learn-create-modules/1.0.0/package/package.json written
17 silly publish { name: 'learn-create-modules',
17 silly publish   version: '1.0.0',
17 silly publish   description: '',
17 silly publish   main: 'index.js',
17 silly publish   scripts: { test: 'echo "Error: no test specified" && exit 1' },
17 silly publish   author: '',
17 silly publish   license: 'ISC',
17 silly publish   readme: 'ERROR: No README data found!',
17 silly publish   _id: 'learn-create-modules@1.0.0',
17 silly publish   _shasum: '93da1ba8f8fa090d18874a193a2a11d8013f5fbe',
17 silly publish   _from: '.' }
18 verbose getPublishConfig undefined
19 silly mapToRegistry name learn-create-modules
20 silly mapToRegistry using default registry
21 silly mapToRegistry registry https://registry.npmjs.org/
22 silly mapToRegistry uri https://registry.npmjs.org/learn-create-modules
23 verbose publish registryBase https://registry.npmjs.org/
24 silly publish uploading /home/kirisaki/.npm/learn-create-modules/1.0.0/package.tgz
25 verbose request uri https://registry.npmjs.org/learn-create-modules
26 verbose request sending authorization for write operation
27 info attempt registry request try #1 at 12:10:26 PM
28 verbose request using bearer token for auth
29 verbose request id a137e64088ed6025
30 http request PUT https://registry.npmjs.org/learn-create-modules
31 http 403 https://registry.npmjs.org/learn-create-modules
32 verbose headers { 'content-type': 'application/json',
32 verbose headers   'cache-control': 'max-age=60',
32 verbose headers   'content-length': '128',
32 verbose headers   'accept-ranges': 'bytes',
32 verbose headers   date: 'Mon, 28 Sep 2015 05:10:27 GMT',
32 verbose headers   via: '1.1 varnish',
32 verbose headers   connection: 'keep-alive',
32 verbose headers   'x-served-by': 'cache-sin6921-SIN',
32 verbose headers   'x-cache': 'MISS',
32 verbose headers   'x-cache-hits': '0',
32 verbose headers   'x-timer': 'S1443417026.934198,VS0,VE915' }
33 verbose request invalidating /home/kirisaki/.npm/registry.npmjs.org/learn-create-modules on PUT
34 error publish Failed PUT 403
35 verbose stack Error: "You cannot publish over the previously published version 1.0.0. Try bumping the version to 2.0.0" : learn-create-modules
35 verbose stack     at makeError (/home/kirisaki/.nvm/versions/node/v4.1.0/lib/node_modules/npm/node_modules/npm-registry-client/lib/request.js:263:12)
35 verbose stack     at CachingRegistryClient.<anonymous> (/home/kirisaki/.nvm/versions/node/v4.1.0/lib/node_modules/npm/node_modules/npm-registry-client/lib/request.js:251:14)
35 verbose stack     at Request._callback (/home/kirisaki/.nvm/versions/node/v4.1.0/lib/node_modules/npm/node_modules/npm-registry-client/lib/request.js:171:14)
35 verbose stack     at Request.self.callback (/home/kirisaki/.nvm/versions/node/v4.1.0/lib/node_modules/npm/node_modules/request/request.js:198:22)
35 verbose stack     at emitTwo (events.js:87:13)
35 verbose stack     at Request.emit (events.js:172:7)
35 verbose stack     at Request.<anonymous> (/home/kirisaki/.nvm/versions/node/v4.1.0/lib/node_modules/npm/node_modules/request/request.js:1073:14)
35 verbose stack     at emitOne (events.js:82:20)
35 verbose stack     at Request.emit (events.js:169:7)
35 verbose stack     at IncomingMessage.<anonymous> (/home/kirisaki/.nvm/versions/node/v4.1.0/lib/node_modules/npm/node_modules/request/request.js:1019:12)
36 verbose statusCode 403
37 verbose pkgid learn-create-modules
38 verbose cwd /home/kirisaki/latihan/node-js/1-create-module
39 error Linux 3.16.0-44-generic
40 error argv "/home/kirisaki/.nvm/versions/node/v4.1.0/bin/node" "/home/kirisaki/.nvm/versions/node/v4.1.0/bin/npm" "publish"
41 error node v4.1.0
42 error npm  v2.14.3
43 error code E403
44 error "You cannot publish over the previously published version 1.0.0. Try bumping the version to 2.0.0" : learn-create-modules
45 error If you need help, you may report this error at:
45 error     <https://github.com/npm/npm/issues>
46 verbose exit [ 1, true ]
